<?xml version="1.0" encoding="UTF-8"?>
<!-- Generated by org.testng.reporters.JUnitReportReporter -->
<testsuite skipped="0" hostname="DESKTOP-888A2JB" name="Parameterization_CrossBrowserTesting.AllBrowsers" tests="12" failures="0" timestamp="2022-08-09T19:29:37 IST" time="27.516" errors="0">
  <testcase name="Crossbrowser" time="5.119" classname="Parameterization_CrossBrowserTesting.AllBrowsers"/>
  <testcase name="Crossbrowser" time="9.068" classname="Parameterization_CrossBrowserTesting.AllBrowsers"/>
  <testcase name="verifycurrenturl" time="0.008" classname="Parameterization_CrossBrowserTesting.AllBrowsers"/>
  <testcase name="verifycurrenturl" time="0.026" classname="Parameterization_CrossBrowserTesting.AllBrowsers"/>
  <testcase name="verifyPageTitle" time="0.021" classname="Parameterization_CrossBrowserTesting.AllBrowsers"/>
  <testcase name="verifyPageTitle" time="0.008" classname="Parameterization_CrossBrowserTesting.AllBrowsers"/>
  <testcase name="verifyUsernamefield" time="0.324" classname="Parameterization_CrossBrowserTesting.AllBrowsers"/>
  <testcase name="verifyUsernamefield" time="0.150" classname="Parameterization_CrossBrowserTesting.AllBrowsers"/>
  <testcase name="verifyPasswordfield" time="0.804" classname="Parameterization_CrossBrowserTesting.AllBrowsers"/>
  <testcase name="verifyPasswordfield" time="0.199" classname="Parameterization_CrossBrowserTesting.AllBrowsers"/>
  <testcase name="clickLoginBtn" time="5.234" classname="Parameterization_CrossBrowserTesting.AllBrowsers"/>
  <testcase name="clickLoginBtn" time="6.555" classname="Parameterization_CrossBrowserTesting.AllBrowsers"/>
</testsuite> <!-- Parameterization_CrossBrowserTesting.AllBrowsers -->
