<?xml version="1.0" encoding="UTF-8"?>
<!-- Generated by org.testng.reporters.JUnitReportReporter -->
<testsuite skipped="0" hostname="DESKTOP-888A2JB" name="KeywordsPractice.DependsonMethodPractice" tests="3" failures="0" timestamp="2022-08-06T19:34:03 IST" time="0.039" errors="0">
  <testcase name="openurl" time="0.022" classname="KeywordsPractice.DependsonMethodPractice"/>
  <testcase name="login" time="0.012" classname="KeywordsPractice.DependsonMethodPractice"/>
  <testcase name="logout" time="0.005" classname="KeywordsPractice.DependsonMethodPractice"/>
</testsuite> <!-- KeywordsPractice.DependsonMethodPractice -->
