<?xml version="1.0" encoding="UTF-8"?>
<!-- Generated by org.testng.reporters.JUnitReportReporter -->
<testsuite skipped="0" hostname="DESKTOP-888A2JB" name="PomWithPagefactoryPractice.RegistrationTest" tests="1" failures="0" timestamp="2022-08-09T21:13:47 IST" time="4.344" errors="0">
  <testcase name="FacebookRegistrationPageTest" time="4.344" classname="PomWithPagefactoryPractice.RegistrationTest"/>
</testsuite> <!-- PomWithPagefactoryPractice.RegistrationTest -->
