<?xml version="1.0" encoding="UTF-8"?>
<!-- Generated by org.testng.reporters.JUnitReportReporter -->
<testsuite skipped="0" hostname="DESKTOP-888A2JB" name="Basics.ClassAnotationsPractice" tests="3" failures="0" timestamp="2022-08-05T18:55:10 IST" time="0.020" errors="0">
  <testcase name="profilePageTest" time="0.008" classname="Basics.ClassAnotationsPractice"/>
  <testcase name="homePageTest" time="0.002" classname="Basics.ClassAnotationsPractice"/>
  <testcase name="notificationPageTest" time="0.010" classname="Basics.ClassAnotationsPractice"/>
</testsuite> <!-- Basics.ClassAnotationsPractice -->
