<?xml version="1.0" encoding="UTF-8"?>
<!-- Generated by org.testng.reporters.JUnitReportReporter -->
<testsuite skipped="0" hostname="DESKTOP-888A2JB" name="TestAnnotationPractice.TestCase1" tests="3" failures="0" timestamp="2022-08-05T19:35:53 IST" time="0.018" errors="0">
  <testcase name="m1" time="0.010" classname="TestAnnotationPractice.TestCase1"/>
  <testcase name="m2" time="0.005" classname="TestAnnotationPractice.TestCase1"/>
  <testcase name="m3" time="0.003" classname="TestAnnotationPractice.TestCase1"/>
</testsuite> <!-- TestAnnotationPractice.TestCase1 -->
