<?xml version="1.0" encoding="UTF-8"?>
<!-- Generated by org.testng.reporters.JUnitReportReporter -->
<testsuite skipped="0" hostname="DESKTOP-888A2JB" name="Parameterization_CrossBrowserTesting.BrowserTests1" tests="12" failures="0" timestamp="2022-08-09T19:39:05 IST" time="43.146" errors="0">
  <testcase name="Crossbrowser" time="10.358" classname="Parameterization_CrossBrowserTesting.BrowserTests1"/>
  <testcase name="Crossbrowser" time="21.856" classname="Parameterization_CrossBrowserTesting.BrowserTests1"/>
  <testcase name="verifycurrenturl" time="0.070" classname="Parameterization_CrossBrowserTesting.BrowserTests1"/>
  <testcase name="verifycurrenturl" time="0.059" classname="Parameterization_CrossBrowserTesting.BrowserTests1"/>
  <testcase name="verifyPageTitle" time="0.036" classname="Parameterization_CrossBrowserTesting.BrowserTests1"/>
  <testcase name="verifyPageTitle" time="0.095" classname="Parameterization_CrossBrowserTesting.BrowserTests1"/>
  <testcase name="verifyUsernamefield" time="0.321" classname="Parameterization_CrossBrowserTesting.BrowserTests1"/>
  <testcase name="verifyUsernamefield" time="0.980" classname="Parameterization_CrossBrowserTesting.BrowserTests1"/>
  <testcase name="verifyPasswordfield" time="0.594" classname="Parameterization_CrossBrowserTesting.BrowserTests1"/>
  <testcase name="verifyPasswordfield" time="0.618" classname="Parameterization_CrossBrowserTesting.BrowserTests1"/>
  <testcase name="clickLoginBtn" time="7.028" classname="Parameterization_CrossBrowserTesting.BrowserTests1"/>
  <testcase name="clickLoginBtn" time="1.131" classname="Parameterization_CrossBrowserTesting.BrowserTests1"/>
</testsuite> <!-- Parameterization_CrossBrowserTesting.BrowserTests1 -->
