<?xml version="1.0" encoding="UTF-8"?>
<!-- Generated by org.testng.reporters.JUnitReportReporter -->
<testsuite skipped="0" hostname="DESKTOP-888A2JB" name="Basics.MethodAnotationsPractice" tests="3" failures="0" timestamp="2022-08-05T18:54:44 IST" time="0.067" errors="0">
  <testcase name="profilePageTest" time="0.022" classname="Basics.MethodAnotationsPractice"/>
  <testcase name="homePageTest" time="0.037" classname="Basics.MethodAnotationsPractice"/>
  <testcase name="notificationPageTest" time="0.008" classname="Basics.MethodAnotationsPractice"/>
</testsuite> <!-- Basics.MethodAnotationsPractice -->
