<?xml version="1.0" encoding="UTF-8"?>
<!-- Generated by org.testng.reporters.JUnitReportReporter -->
<testsuite skipped="1" hostname="DESKTOP-888A2JB" name="KeywordsPractice.EnabledFalsePracticse" tests="3" failures="0" timestamp="2022-08-06T19:18:33 IST" time="0.017" errors="0">
  <testcase name="homePageTest" time="0.005" classname="KeywordsPractice.EnabledFalsePracticse"/>
  <testcase name="homePageTest" time="0.012" classname="KeywordsPractice.EnabledFalsePracticse"/>
  <testcase name="profilePageTest" classname="KeywordsPractice.EnabledFalsePracticse">
    <skipped/>
  </testcase> <!-- profilePageTest -->
</testsuite> <!-- KeywordsPractice.EnabledFalsePracticse -->
