<?xml version="1.0" encoding="UTF-8"?>
<!-- Generated by org.testng.reporters.JUnitReportReporter -->
<testsuite skipped="0" hostname="DESKTOP-888A2JB" name="Parameterization_CrossBrowserTesting.BrowsersTest3" tests="12" failures="0" timestamp="2022-08-09T19:39:05 IST" time="43.514" errors="0">
  <testcase name="Crossbrowser" time="10.264" classname="Parameterization_CrossBrowserTesting.BrowsersTest3"/>
  <testcase name="Crossbrowser" time="19.503" classname="Parameterization_CrossBrowserTesting.BrowsersTest3"/>
  <testcase name="verifycurrenturl" time="0.035" classname="Parameterization_CrossBrowserTesting.BrowsersTest3"/>
  <testcase name="verifycurrenturl" time="0.062" classname="Parameterization_CrossBrowserTesting.BrowsersTest3"/>
  <testcase name="verifyPageTitle" time="0.013" classname="Parameterization_CrossBrowserTesting.BrowsersTest3"/>
  <testcase name="verifyPageTitle" time="0.015" classname="Parameterization_CrossBrowserTesting.BrowsersTest3"/>
  <testcase name="verifyUsernamefield" time="0.383" classname="Parameterization_CrossBrowserTesting.BrowsersTest3"/>
  <testcase name="verifyUsernamefield" time="1.157" classname="Parameterization_CrossBrowserTesting.BrowsersTest3"/>
  <testcase name="verifyPasswordfield" time="1.041" classname="Parameterization_CrossBrowserTesting.BrowsersTest3"/>
  <testcase name="verifyPasswordfield" time="0.523" classname="Parameterization_CrossBrowserTesting.BrowsersTest3"/>
  <testcase name="clickLoginBtn" time="5.407" classname="Parameterization_CrossBrowserTesting.BrowsersTest3"/>
  <testcase name="clickLoginBtn" time="5.111" classname="Parameterization_CrossBrowserTesting.BrowsersTest3"/>
</testsuite> <!-- Parameterization_CrossBrowserTesting.BrowsersTest3 -->
