<?xml version="1.0" encoding="UTF-8"?>
<!-- Generated by org.testng.reporters.JUnitReportReporter -->
<testsuite skipped="0" hostname="DESKTOP-888A2JB" name="PomWithPagefactoryPractice.LoginTest" tests="1" failures="0" timestamp="2022-08-10T19:35:27 IST" time="3.332" errors="0">
  <testcase name="FacebookLoginPageTest" time="3.332" classname="PomWithPagefactoryPractice.LoginTest"/>
</testsuite> <!-- PomWithPagefactoryPractice.LoginTest -->
