<?xml version="1.0" encoding="UTF-8"?>
<!-- Generated by org.testng.reporters.JUnitReportReporter -->
<testsuite skipped="0" hostname="DESKTOP-888A2JB" name="TestAnnotationPractice.TestCase3" tests="3" failures="0" timestamp="2022-08-05T19:35:53 IST" time="0.015" errors="0">
  <testcase name="m1" time="0.004" classname="TestAnnotationPractice.TestCase3"/>
  <testcase name="m2" time="0.009" classname="TestAnnotationPractice.TestCase3"/>
  <testcase name="m3" time="0.002" classname="TestAnnotationPractice.TestCase3"/>
</testsuite> <!-- TestAnnotationPractice.TestCase3 -->
