<?xml version="1.0" encoding="UTF-8"?>
<!-- Generated by org.testng.reporters.JUnitReportReporter -->
<testsuite skipped="0" hostname="DESKTOP-888A2JB" name="GroupingPractice.TestCase2" tests="1" failures="0" timestamp="2022-08-06T20:42:14 IST" time="0.002" errors="0">
  <testcase name="Test4" time="0.002" classname="GroupingPractice.TestCase2"/>
</testsuite> <!-- GroupingPractice.TestCase2 -->
