<?xml version="1.0" encoding="UTF-8"?>
<!-- Generated by org.testng.reporters.JUnitReportReporter -->
<testsuite skipped="0" hostname="DESKTOP-888A2JB" name="KeywordsPractice.InvocationCountPractice" tests="7" failures="0" timestamp="2022-08-06T19:14:22 IST" time="0.054" errors="0">
  <testcase name="profilePageTest" time="0.005" classname="KeywordsPractice.InvocationCountPractice"/>
  <testcase name="homePageTest" time="0.005" classname="KeywordsPractice.InvocationCountPractice"/>
  <testcase name="homePageTest" time="0.012" classname="KeywordsPractice.InvocationCountPractice"/>
  <testcase name="profilePageTest" time="0.016" classname="KeywordsPractice.InvocationCountPractice"/>
  <testcase name="profilePageTest" time="0.005" classname="KeywordsPractice.InvocationCountPractice"/>
  <testcase name="profilePageTest" time="0.003" classname="KeywordsPractice.InvocationCountPractice"/>
  <testcase name="profilePageTest" time="0.008" classname="KeywordsPractice.InvocationCountPractice"/>
</testsuite> <!-- KeywordsPractice.InvocationCountPractice -->
