<?xml version="1.0" encoding="UTF-8"?>
<!-- Generated by org.testng.reporters.JUnitReportReporter -->
<testsuite skipped="0" hostname="DESKTOP-888A2JB" name="Basics.IntroductionToTestNG" tests="3" failures="0" timestamp="2022-08-02T20:06:21 IST" time="0.051" errors="0">
  <testcase name="openurl" time="0.041" classname="Basics.IntroductionToTestNG"/>
  <testcase name="login" time="0.003" classname="Basics.IntroductionToTestNG"/>
  <testcase name="logout" time="0.007" classname="Basics.IntroductionToTestNG"/>
</testsuite> <!-- Basics.IntroductionToTestNG -->
