<?xml version="1.0" encoding="UTF-8"?>
<!-- Generated by org.testng.reporters.JUnitReportReporter -->
<testsuite skipped="0" hostname="DESKTOP-888A2JB" name="Parameterization_CrossBrowserTesting.BrowsersTest2" tests="12" failures="0" timestamp="2022-08-09T19:39:05 IST" time="40.354" errors="0">
  <testcase name="Crossbrowser" time="10.085" classname="Parameterization_CrossBrowserTesting.BrowsersTest2"/>
  <testcase name="Crossbrowser" time="21.937" classname="Parameterization_CrossBrowserTesting.BrowsersTest2"/>
  <testcase name="verifycurrenturl" time="0.034" classname="Parameterization_CrossBrowserTesting.BrowsersTest2"/>
  <testcase name="verifycurrenturl" time="0.137" classname="Parameterization_CrossBrowserTesting.BrowsersTest2"/>
  <testcase name="verifyPageTitle" time="0.046" classname="Parameterization_CrossBrowserTesting.BrowsersTest2"/>
  <testcase name="verifyPageTitle" time="0.060" classname="Parameterization_CrossBrowserTesting.BrowsersTest2"/>
  <testcase name="verifyUsernamefield" time="1.223" classname="Parameterization_CrossBrowserTesting.BrowsersTest2"/>
  <testcase name="verifyUsernamefield" time="0.402" classname="Parameterization_CrossBrowserTesting.BrowsersTest2"/>
  <testcase name="verifyPasswordfield" time="0.513" classname="Parameterization_CrossBrowserTesting.BrowsersTest2"/>
  <testcase name="verifyPasswordfield" time="0.398" classname="Parameterization_CrossBrowserTesting.BrowsersTest2"/>
  <testcase name="clickLoginBtn" time="3.912" classname="Parameterization_CrossBrowserTesting.BrowsersTest2"/>
  <testcase name="clickLoginBtn" time="1.607" classname="Parameterization_CrossBrowserTesting.BrowsersTest2"/>
</testsuite> <!-- Parameterization_CrossBrowserTesting.BrowsersTest2 -->
