<?xml version="1.0" encoding="UTF-8"?>
<!-- Generated by org.testng.reporters.JUnitReportReporter -->
<testsuite skipped="0" hostname="DESKTOP-888A2JB" name="TestAnnotationPractice.TestCase4" tests="3" failures="0" timestamp="2022-08-05T19:35:53 IST" time="0.005" errors="0">
  <testcase name="m4" time="0.002" classname="TestAnnotationPractice.TestCase4"/>
  <testcase name="m5" time="0.002" classname="TestAnnotationPractice.TestCase4"/>
  <testcase name="m6" time="0.001" classname="TestAnnotationPractice.TestCase4"/>
</testsuite> <!-- TestAnnotationPractice.TestCase4 -->
