<?xml version="1.0" encoding="UTF-8"?>
<!-- Generated by org.testng.reporters.JUnitReportReporter -->
<testsuite skipped="0" hostname="DESKTOP-888A2JB" name="KeywordsPractice.TimeoutsPractice" tests="2" failures="0" timestamp="2022-08-06T19:54:30 IST" time="0.018" errors="0">
  <testcase name="profilePageTest" time="0.010" classname="KeywordsPractice.TimeoutsPractice"/>
  <testcase name="homePageTest" time="0.008" classname="KeywordsPractice.TimeoutsPractice"/>
</testsuite> <!-- KeywordsPractice.TimeoutsPractice -->
