<?xml version="1.0" encoding="UTF-8"?>
<!-- Generated by org.testng.reporters.JUnitReportReporter -->
<testsuite skipped="0" hostname="DESKTOP-888A2JB" name="KeywordsPractice.ThreadPoolSizePractice" tests="5" failures="0" timestamp="2022-08-06T19:47:16 IST" time="84.042" errors="0">
  <testcase name="openBrowser" time="19.015" classname="KeywordsPractice.ThreadPoolSizePractice"/>
  <testcase name="openBrowser" time="15.352" classname="KeywordsPractice.ThreadPoolSizePractice"/>
  <testcase name="openBrowser" time="15.257" classname="KeywordsPractice.ThreadPoolSizePractice"/>
  <testcase name="openBrowser" time="19.153" classname="KeywordsPractice.ThreadPoolSizePractice"/>
  <testcase name="openBrowser" time="15.265" classname="KeywordsPractice.ThreadPoolSizePractice"/>
</testsuite> <!-- KeywordsPractice.ThreadPoolSizePractice -->
